<?xml version="1.0" encoding="UTF-8"?>
<testsuite name="com.kodilla.spring.reader.ReaderTestSuite" tests="2" skipped="0" failures="0" errors="0" timestamp="2018-06-06T16:51:27" hostname="Wojtek" time="0.189">
  <properties/>
  <testcase name="testRead" classname="com.kodilla.spring.reader.ReaderTestSuite" time="0.102"/>
  <testcase name="testConditional" classname="com.kodilla.spring.reader.ReaderTestSuite" time="0.087"/>
  <system-out><![CDATA[2018-06-06 18:51:27.432  INFO 4532 --- [    Test worker] s.c.a.AnnotationConfigApplicationContext : Refreshing org.springframework.context.annotation.AnnotationConfigApplicationContext@6f7d867a: startup date [Wed Jun 06 18:51:27 CEST 2018]; root of context hierarchy
Reading: The book number one
2018-06-06 18:51:27.535  INFO 4532 --- [    Test worker] s.c.a.AnnotationConfigApplicationContext : Refreshing org.springframework.context.annotation.AnnotationConfigApplicationContext@3b13442c: startup date [Wed Jun 06 18:51:27 CEST 2018]; root of context hierarchy
Bean book2 was found in the container: true
]]></system-out>
  <system-err><![CDATA[]]></system-err>
</testsuite>
