<?xml version="1.0" encoding="UTF-8"?>
<testsuite name="com.kodilla.spring.SpringRunnerTestSuite" tests="4" skipped="0" failures="0" errors="0" timestamp="2018-06-06T16:51:27" hostname="Wojtek" time="1.693">
  <properties/>
  <testcase name="testCircleLoadedIntoContainer" classname="com.kodilla.spring.SpringRunnerTestSuite" time="0.45"/>
  <testcase name="testShapeLoadedIntoContainer" classname="com.kodilla.spring.SpringRunnerTestSuite" time="0.4"/>
  <testcase name="testSquareLoadedIntoContainer" classname="com.kodilla.spring.SpringRunnerTestSuite" time="0.439"/>
  <testcase name="testTriangleLoadedIntoContainer" classname="com.kodilla.spring.SpringRunnerTestSuite" time="0.401"/>
  <system-out><![CDATA[2018-06-06 18:51:27.627  INFO 4532 --- [    Test worker] .b.t.c.SpringBootTestContextBootstrapper : Neither @ContextConfiguration nor @ContextHierarchy found for test class [com.kodilla.spring.SpringRunnerTestSuite], using SpringBootContextLoader
2018-06-06 18:51:27.629  INFO 4532 --- [    Test worker] o.s.t.c.support.AbstractContextLoader    : Could not detect default resource locations for test class [com.kodilla.spring.SpringRunnerTestSuite]: no resource found for suffixes {-context.xml, Context.groovy}.
2018-06-06 18:51:27.632  INFO 4532 --- [    Test worker] t.c.s.AnnotationConfigContextLoaderUtils : Could not detect default configuration classes for test class [com.kodilla.spring.SpringRunnerTestSuite]: SpringRunnerTestSuite does not declare any static, non-private, non-final, nested classes annotated with @Configuration.
2018-06-06 18:51:27.647  INFO 4532 --- [    Test worker] .b.t.c.SpringBootTestContextBootstrapper : Found @SpringBootConfiguration com.kodilla.spring.SpringRunner for test class com.kodilla.spring.SpringRunnerTestSuite
2018-06-06 18:51:27.658  INFO 4532 --- [    Test worker] .b.t.c.SpringBootTestContextBootstrapper : Loaded default TestExecutionListener class names from location [META-INF/spring.factories]: [org.springframework.boot.test.autoconfigure.restdocs.RestDocsTestExecutionListener, org.springframework.boot.test.autoconfigure.web.client.MockRestServiceServerResetTestExecutionListener, org.springframework.boot.test.autoconfigure.web.servlet.MockMvcPrintOnlyOnFailureTestExecutionListener, org.springframework.boot.test.autoconfigure.web.servlet.WebDriverTestExecutionListener, org.springframework.boot.test.mock.mockito.MockitoTestExecutionListener, org.springframework.boot.test.mock.mockito.ResetMocksTestExecutionListener, org.springframework.test.context.web.ServletTestExecutionListener, org.springframework.test.context.support.DirtiesContextBeforeModesTestExecutionListener, org.springframework.test.context.support.DependencyInjectionTestExecutionListener, org.springframework.test.context.support.DirtiesContextTestExecutionListener, org.springframework.test.context.transaction.TransactionalTestExecutionListener, org.springframework.test.context.jdbc.SqlScriptsTestExecutionListener]
2018-06-06 18:51:27.662  INFO 4532 --- [    Test worker] .b.t.c.SpringBootTestContextBootstrapper : Using TestExecutionListeners: [org.springframework.test.context.support.DirtiesContextBeforeModesTestExecutionListener@50777b3, org.springframework.boot.test.mock.mockito.MockitoTestExecutionListener@5872f3a2, org.springframework.boot.test.autoconfigure.SpringBootDependencyInjectionTestExecutionListener@79fe4c1c, org.springframework.test.context.support.DirtiesContextTestExecutionListener@35da08b8, org.springframework.boot.test.autoconfigure.restdocs.RestDocsTestExecutionListener@bde5b5f, org.springframework.boot.test.autoconfigure.web.client.MockRestServiceServerResetTestExecutionListener@447e4665, org.springframework.boot.test.autoconfigure.web.servlet.MockMvcPrintOnlyOnFailureTestExecutionListener@4feb6c5a, org.springframework.boot.test.autoconfigure.web.servlet.WebDriverTestExecutionListener@2a9122d7, org.springframework.boot.test.mock.mockito.ResetMocksTestExecutionListener@53ec8079]
2018-06-06 18:51:27.717  INFO 4532 --- [    Test worker] s.c.a.AnnotationConfigApplicationContext : Refreshing org.springframework.context.annotation.AnnotationConfigApplicationContext@6597a90f: startup date [Wed Jun 06 18:51:27 CEST 2018]; root of context hierarchy
2018-06-06 18:51:27.906  INFO 4532 --- [    Test worker] o.s.b.f.s.DefaultListableBeanFactory     : Overriding bean definition for bean 'library' with a different definition: replacing [Generic bean: class [com.kodilla.spring.library.Library]; scope=singleton; abstract=false; lazyInit=false; autowireMode=0; dependencyCheck=0; autowireCandidate=true; primary=false; factoryBeanName=null; factoryMethodName=null; initMethodName=null; destroyMethodName=null; defined in file [C:\Users\wojtekk\Kodilla123\Wojciech-Mituta-Kodilla---java\kodilla-spring\build\classes\java\main\com\kodilla\spring\library\Library.class]] with [Root bean: class [null]; scope=; abstract=false; lazyInit=false; autowireMode=3; dependencyCheck=0; autowireCandidate=true; primary=false; factoryBeanName=libraryConfig; factoryMethodName=library; initMethodName=null; destroyMethodName=(inferred); defined in com.kodilla.spring.library.LibraryConfig]
2018-06-06 18:51:27.907  INFO 4532 --- [    Test worker] o.s.b.f.s.DefaultListableBeanFactory     : Overriding bean definition for bean 'libraryDbController' with a different definition: replacing [Generic bean: class [com.kodilla.spring.library.LibraryDbController]; scope=singleton; abstract=false; lazyInit=false; autowireMode=0; dependencyCheck=0; autowireCandidate=true; primary=false; factoryBeanName=null; factoryMethodName=null; initMethodName=null; destroyMethodName=null; defined in file [C:\Users\wojtekk\Kodilla123\Wojciech-Mituta-Kodilla---java\kodilla-spring\build\classes\java\main\com\kodilla\spring\library\LibraryDbController.class]] with [Root bean: class [null]; scope=; abstract=false; lazyInit=false; autowireMode=3; dependencyCheck=0; autowireCandidate=true; primary=false; factoryBeanName=libraryConfig; factoryMethodName=libraryDbController; initMethodName=null; destroyMethodName=(inferred); defined in com.kodilla.spring.library.LibraryConfig]
2018-06-06 18:51:28.115  INFO 4532 --- [    Test worker] o.s.j.e.a.AnnotationMBeanExporter        : Registering beans for JMX exposure on startup
2018-06-06 18:51:28.149  INFO 4532 --- [    Test worker] s.c.a.AnnotationConfigApplicationContext : Refreshing org.springframework.context.annotation.AnnotationConfigApplicationContext@7217faa0: startup date [Wed Jun 06 18:51:28 CEST 2018]; root of context hierarchy
2018-06-06 18:51:28.316  INFO 4532 --- [    Test worker] o.s.b.f.s.DefaultListableBeanFactory     : Overriding bean definition for bean 'library' with a different definition: replacing [Generic bean: class [com.kodilla.spring.library.Library]; scope=singleton; abstract=false; lazyInit=false; autowireMode=0; dependencyCheck=0; autowireCandidate=true; primary=false; factoryBeanName=null; factoryMethodName=null; initMethodName=null; destroyMethodName=null; defined in file [C:\Users\wojtekk\Kodilla123\Wojciech-Mituta-Kodilla---java\kodilla-spring\build\classes\java\main\com\kodilla\spring\library\Library.class]] with [Root bean: class [null]; scope=; abstract=false; lazyInit=false; autowireMode=3; dependencyCheck=0; autowireCandidate=true; primary=false; factoryBeanName=libraryConfig; factoryMethodName=library; initMethodName=null; destroyMethodName=(inferred); defined in com.kodilla.spring.library.LibraryConfig]
2018-06-06 18:51:28.318  INFO 4532 --- [    Test worker] o.s.b.f.s.DefaultListableBeanFactory     : Overriding bean definition for bean 'libraryDbController' with a different definition: replacing [Generic bean: class [com.kodilla.spring.library.LibraryDbController]; scope=singleton; abstract=false; lazyInit=false; autowireMode=0; dependencyCheck=0; autowireCandidate=true; primary=false; factoryBeanName=null; factoryMethodName=null; initMethodName=null; destroyMethodName=null; defined in file [C:\Users\wojtekk\Kodilla123\Wojciech-Mituta-Kodilla---java\kodilla-spring\build\classes\java\main\com\kodilla\spring\library\LibraryDbController.class]] with [Root bean: class [null]; scope=; abstract=false; lazyInit=false; autowireMode=3; dependencyCheck=0; autowireCandidate=true; primary=false; factoryBeanName=libraryConfig; factoryMethodName=libraryDbController; initMethodName=null; destroyMethodName=(inferred); defined in com.kodilla.spring.library.LibraryConfig]
2018-06-06 18:51:28.515  INFO 4532 --- [    Test worker] o.s.j.e.a.AnnotationMBeanExporter        : Registering beans for JMX exposure on startup
Choosen shape says: This is a triangle.
2018-06-06 18:51:28.549  INFO 4532 --- [    Test worker] s.c.a.AnnotationConfigApplicationContext : Refreshing org.springframework.context.annotation.AnnotationConfigApplicationContext@2dfa050e: startup date [Wed Jun 06 18:51:28 CEST 2018]; root of context hierarchy
2018-06-06 18:51:28.721  INFO 4532 --- [    Test worker] o.s.b.f.s.DefaultListableBeanFactory     : Overriding bean definition for bean 'library' with a different definition: replacing [Generic bean: class [com.kodilla.spring.library.Library]; scope=singleton; abstract=false; lazyInit=false; autowireMode=0; dependencyCheck=0; autowireCandidate=true; primary=false; factoryBeanName=null; factoryMethodName=null; initMethodName=null; destroyMethodName=null; defined in file [C:\Users\wojtekk\Kodilla123\Wojciech-Mituta-Kodilla---java\kodilla-spring\build\classes\java\main\com\kodilla\spring\library\Library.class]] with [Root bean: class [null]; scope=; abstract=false; lazyInit=false; autowireMode=3; dependencyCheck=0; autowireCandidate=true; primary=false; factoryBeanName=libraryConfig; factoryMethodName=library; initMethodName=null; destroyMethodName=(inferred); defined in com.kodilla.spring.library.LibraryConfig]
2018-06-06 18:51:28.721  INFO 4532 --- [    Test worker] o.s.b.f.s.DefaultListableBeanFactory     : Overriding bean definition for bean 'libraryDbController' with a different definition: replacing [Generic bean: class [com.kodilla.spring.library.LibraryDbController]; scope=singleton; abstract=false; lazyInit=false; autowireMode=0; dependencyCheck=0; autowireCandidate=true; primary=false; factoryBeanName=null; factoryMethodName=null; initMethodName=null; destroyMethodName=null; defined in file [C:\Users\wojtekk\Kodilla123\Wojciech-Mituta-Kodilla---java\kodilla-spring\build\classes\java\main\com\kodilla\spring\library\LibraryDbController.class]] with [Root bean: class [null]; scope=; abstract=false; lazyInit=false; autowireMode=3; dependencyCheck=0; autowireCandidate=true; primary=false; factoryBeanName=libraryConfig; factoryMethodName=libraryDbController; initMethodName=null; destroyMethodName=(inferred); defined in com.kodilla.spring.library.LibraryConfig]
2018-06-06 18:51:28.954  INFO 4532 --- [    Test worker] o.s.j.e.a.AnnotationMBeanExporter        : Registering beans for JMX exposure on startup
2018-06-06 18:51:28.995  INFO 4532 --- [    Test worker] s.c.a.AnnotationConfigApplicationContext : Refreshing org.springframework.context.annotation.AnnotationConfigApplicationContext@4180f8fe: startup date [Wed Jun 06 18:51:28 CEST 2018]; root of context hierarchy
2018-06-06 18:51:29.147  INFO 4532 --- [    Test worker] o.s.b.f.s.DefaultListableBeanFactory     : Overriding bean definition for bean 'library' with a different definition: replacing [Generic bean: class [com.kodilla.spring.library.Library]; scope=singleton; abstract=false; lazyInit=false; autowireMode=0; dependencyCheck=0; autowireCandidate=true; primary=false; factoryBeanName=null; factoryMethodName=null; initMethodName=null; destroyMethodName=null; defined in file [C:\Users\wojtekk\Kodilla123\Wojciech-Mituta-Kodilla---java\kodilla-spring\build\classes\java\main\com\kodilla\spring\library\Library.class]] with [Root bean: class [null]; scope=; abstract=false; lazyInit=false; autowireMode=3; dependencyCheck=0; autowireCandidate=true; primary=false; factoryBeanName=libraryConfig; factoryMethodName=library; initMethodName=null; destroyMethodName=(inferred); defined in com.kodilla.spring.library.LibraryConfig]
2018-06-06 18:51:29.148  INFO 4532 --- [    Test worker] o.s.b.f.s.DefaultListableBeanFactory     : Overriding bean definition for bean 'libraryDbController' with a different definition: replacing [Generic bean: class [com.kodilla.spring.library.LibraryDbController]; scope=singleton; abstract=false; lazyInit=false; autowireMode=0; dependencyCheck=0; autowireCandidate=true; primary=false; factoryBeanName=null; factoryMethodName=null; initMethodName=null; destroyMethodName=null; defined in file [C:\Users\wojtekk\Kodilla123\Wojciech-Mituta-Kodilla---java\kodilla-spring\build\classes\java\main\com\kodilla\spring\library\LibraryDbController.class]] with [Root bean: class [null]; scope=; abstract=false; lazyInit=false; autowireMode=3; dependencyCheck=0; autowireCandidate=true; primary=false; factoryBeanName=libraryConfig; factoryMethodName=libraryDbController; initMethodName=null; destroyMethodName=(inferred); defined in com.kodilla.spring.library.LibraryConfig]
2018-06-06 18:51:29.358  INFO 4532 --- [    Test worker] o.s.j.e.a.AnnotationMBeanExporter        : Registering beans for JMX exposure on startup
]]></system-out>
  <system-err><![CDATA[]]></system-err>
</testsuite>
