<?xml version="1.0" encoding="UTF-8"?>
<testsuite name="com.kodilla.spring.reader.ReaderTestSuite" tests="2" skipped="0" failures="0" errors="0" timestamp="2018-05-31T09:12:37" hostname="Wojtek" time="0.546">
  <properties/>
  <testcase name="testRead" classname="com.kodilla.spring.reader.ReaderTestSuite" time="0.276"/>
  <testcase name="testConditional" classname="com.kodilla.spring.reader.ReaderTestSuite" time="0.255"/>
  <system-out><![CDATA[2018-05-31 11:12:37.475  INFO 348 --- [    Test worker] s.c.a.AnnotationConfigApplicationContext : Refreshing org.springframework.context.annotation.AnnotationConfigApplicationContext@662a6a11: startup date [Thu May 31 11:12:37 CEST 2018]; root of context hierarchy
Reading: The book number one
2018-05-31 11:12:37.773  INFO 348 --- [    Test worker] s.c.a.AnnotationConfigApplicationContext : Refreshing org.springframework.context.annotation.AnnotationConfigApplicationContext@42bef84: startup date [Thu May 31 11:12:37 CEST 2018]; root of context hierarchy
Bean book2 was found in the container: true
]]></system-out>
  <system-err><![CDATA[]]></system-err>
</testsuite>
