<?xml version="1.0" encoding="UTF-8"?>
<testsuite name="com.kodilla.patterns.builder.bigmac.BigmacTestSuite" tests="1" skipped="0" failures="0" errors="0" timestamp="2018-06-06T16:51:15" hostname="Wojtek" time="0.004">
  <properties/>
  <testcase name="testBurgerNew" classname="com.kodilla.patterns.builder.bigmac.BigmacTestSuite" time="0.004"/>
  <system-out><![CDATA[Bigmac{bun='zwykla', burgers=2, sauce='tysiac wysp', ingredients=[salata, cebula, papryka]}
]]></system-out>
  <system-err><![CDATA[]]></system-err>
</testsuite>
