<?xml version="1.0" encoding="UTF-8"?>
<testsuite name="com.kodilla.patterns.strategy.social.UserTestSuite" tests="2" skipped="0" failures="0" errors="0" timestamp="2018-06-06T16:51:16" hostname="Wojtek" time="0.003">
  <properties/>
  <testcase name="testDefaultSharingStrategies" classname="com.kodilla.patterns.strategy.social.UserTestSuite" time="0.003"/>
  <testcase name="testIndividualSharingStrategy" classname="com.kodilla.patterns.strategy.social.UserTestSuite" time="0.0"/>
  <system-out><![CDATA[Adam share post in: Facebook
Krzysiek share post in: Twitter
Michal share post in: Snapchat
Adam share post in: Facebook
Adam share post in: Twitter
]]></system-out>
  <system-err><![CDATA[]]></system-err>
</testsuite>
